15:12:28 **** Incremental Build of configuration Debug for project cviceni4 ****
make -j4 all 
arm-none-eabi-gcc "../Core/Src/main.c" -mcpu=cortex-m0 -std=gnu11 -g3 -DDEBUG -DUSE_HAL_DRIVER -DSTM32F030x8 -c -I../Core/Inc -I../Drivers/STM32F0xx_HAL_Driver/Inc -I../Drivers/STM32F0xx_HAL_Driver/Inc/Legacy -I../Drivers/CMSIS/Device/ST/STM32F0xx/Include -I../Drivers/CMSIS/Include -O0 -ffunction-sections -fdata-sections -Wall -fstack-usage -fcyclomatic-complexity -MMD -MP -MF"Core/Src/main.d" -MT"Core/Src/main.o" --specs=nano.specs -mfloat-abi=soft -mthumb -o "Core/Src/main.o"
arm-none-eabi-gcc -o "cviceni4.elf" @"objects.list"   -mcpu=cortex-m0 -T"C:\Users\xspani02\Documents\MKS2023\cviceni4\STM32F030R8TX_FLASH.ld" --specs=nosys.specs -Wl,-Map="cviceni4.map" -Wl,--gc-sections -static --specs=nano.specs -mfloat-abi=soft -mthumb -Wl,--start-group -lc -lm -Wl,--end-group
C:/appz/ST/STM32CubeIDE_1.10.1/STM32CubeIDE/plugins/com.st.stm32cube.ide.mcu.externaltools.gnu-tools-for-stm32.11.3.rel1.win32_1.1.0.202305231506/tools/bin/../lib/gcc/arm-none-eabi/11.3.1/../../../../arm-none-eabi/bin/ld.exe: ./Core/Src/stm32f0xx_it.o: in function `SysTick_Handler':
C:/Users/xspani02/Documents/MKS2023/cviceni4/Debug/../Core/Src/stm32f0xx_it.c:134: undefined reference to `Tick'
collect2.exe: error: ld returned 1 exit status
make: *** [makefile:64: cviceni4.elf] Error 1
"make -j4 all" terminated with exit code 2. Build might be incomplete.

15:12:29 Build Failed. 3 errors, 0 warnings. (took 1s.33ms)

